d:\workcode\qtestall\camerawidget\x64\release\messagewidget.obj
d:\workcode\qtestall\camerawidget\x64\release\infolayout.obj
d:\workcode\qtestall\camerawidget\x64\release\moc_messagewidget.obj
d:\workcode\qtestall\camerawidget\x64\release\moc_displaywidget.obj
d:\workcode\qtestall\camerawidget\x64\release\moc_devicewidget.obj
d:\workcode\qtestall\camerawidget\x64\release\moc_camerawidget.obj
d:\workcode\qtestall\camerawidget\x64\release\displaywidget.obj
d:\workcode\qtestall\camerawidget\x64\release\devicewidget.obj
d:\workcode\qtestall\camerawidget\x64\release\camitemimp.obj
d:\workcode\qtestall\camerawidget\x64\release\cameraitem.obj
d:\workcode\qtestall\camerawidget\x64\release\camerawidget.obj
d:\workcode\qtestall\camerawidget\generatedfiles\release\moc_messagewidget.cpp
d:\workcode\qtestall\camerawidget\generatedfiles\release\moc_camerawidget.cpp
d:\workcode\qtestall\camerawidget\generatedfiles\release\moc_devicewidget.cpp
d:\workcode\qtestall\camerawidget\generatedfiles\release\moc_displaywidget.cpp
d:\workcode\qtestall\x64\release\camerawidget.lib
d:\workcode\qtestall\camerawidget\x64\release\camerawidget.tlog\cl.command.1.tlog
d:\workcode\qtestall\camerawidget\x64\release\camerawidget.tlog\cl.read.1.tlog
d:\workcode\qtestall\camerawidget\x64\release\camerawidget.tlog\cl.write.1.tlog
d:\workcode\qtestall\camerawidget\x64\release\camerawidget.tlog\custombuild.command.1.tlog
d:\workcode\qtestall\camerawidget\x64\release\camerawidget.tlog\custombuild.read.1.tlog
d:\workcode\qtestall\camerawidget\x64\release\camerawidget.tlog\custombuild.write.1.tlog
d:\workcode\qtestall\camerawidget\x64\release\camerawidget.tlog\lib-link.read.1.tlog
d:\workcode\qtestall\camerawidget\x64\release\camerawidget.tlog\lib-link.write.1.tlog
d:\workcode\qtestall\camerawidget\x64\release\camerawidget.tlog\lib.command.1.tlog
