d:\workcode\qtestall-v1.0\camerawidget\x64\debug\camerawidget.pdb
d:\workcode\qtestall-v1.0\camerawidget\x64\debug\messagewidget.obj
d:\workcode\qtestall-v1.0\camerawidget\x64\debug\infolayout.obj
d:\workcode\qtestall-v1.0\camerawidget\x64\debug\moc_messagewidget.obj
d:\workcode\qtestall-v1.0\camerawidget\x64\debug\moc_devicewidget.obj
d:\workcode\qtestall-v1.0\camerawidget\x64\debug\moc_camerawidget.obj
d:\workcode\qtestall-v1.0\camerawidget\x64\debug\devicewidget.obj
d:\workcode\qtestall-v1.0\camerawidget\x64\debug\cameraitem.obj
d:\workcode\qtestall-v1.0\camerawidget\x64\debug\camerawidget.obj
d:\workcode\qtestall-v1.0\camerawidget\x64\debug\moc_displaywidget.obj
d:\workcode\qtestall-v1.0\camerawidget\x64\debug\camitemimp.obj
d:\workcode\qtestall-v1.0\camerawidget\x64\debug\displaywidget.obj
d:\workcode\qtestall-v1.0\camerawidget\generatedfiles\debug\moc_messagewidget.cpp
d:\workcode\qtestall-v1.0\camerawidget\generatedfiles\debug\moc_camerawidget.cpp
d:\workcode\qtestall-v1.0\camerawidget\generatedfiles\debug\moc_devicewidget.cpp
d:\workcode\qtestall-v1.0\camerawidget\generatedfiles\debug\moc_displaywidget.cpp
d:\workcode\qtestall-v1.0\x64\debug\camerawidget.lib
d:\workcode\qtestall-v1.0\x64\debug\camerawidget.pdb
d:\workcode\qtestall-v1.0\camerawidget\x64\debug\camerawidget.tlog\cl.command.1.tlog
d:\workcode\qtestall-v1.0\camerawidget\x64\debug\camerawidget.tlog\cl.read.1.tlog
d:\workcode\qtestall-v1.0\camerawidget\x64\debug\camerawidget.tlog\cl.write.1.tlog
d:\workcode\qtestall-v1.0\camerawidget\x64\debug\camerawidget.tlog\custombuild.command.1.tlog
d:\workcode\qtestall-v1.0\camerawidget\x64\debug\camerawidget.tlog\custombuild.read.1.tlog
d:\workcode\qtestall-v1.0\camerawidget\x64\debug\camerawidget.tlog\custombuild.write.1.tlog
d:\workcode\qtestall-v1.0\camerawidget\x64\debug\camerawidget.tlog\lib-link.read.1.tlog
d:\workcode\qtestall-v1.0\camerawidget\x64\debug\camerawidget.tlog\lib-link.write.1.tlog
d:\workcode\qtestall-v1.0\camerawidget\x64\debug\camerawidget.tlog\lib.command.1.tlog
